# JRE version: OpenJDK Runtime Environment Corretto-21.0.6.7.1 (21.0.6+7) (build 21.0.6+7-LTS)
# Java VM: OpenJDK 64-Bit Server VM Corretto-21.0.6.7.1 (21.0.6+7-LTS, mixed mode, emulated-client, sharing, tiered, compressed oops, compressed class ptrs, g1 gc, windows-amd64)
GC Precious Log:
 CardTable entry size: 512
 Card Set container configuration: InlinePtr #cards 5 size 8 Array Of Cards #cards 12 size 40 Howl #buckets 4 coarsen threshold 1843 Howl Bitmap #cards 512 size 80 coarsen threshold 460 Card regions per heap region 1 cards per card region 2048
 CPUs: 8 total, 8 available
 Memory: 5965M
 Large Page Support: Disabled
 NUMA Support: Disabled
 Compressed Oops: Enabled (32-bit)
 Heap Region Size: 1M
 Heap Min Capacity: 8M
 Heap Initial Capacity: 94M
 Heap Max Capacity: 1492M
 Pre-touch: Disabled
 Parallel Workers: 8
 Concurrent Workers: 2
 Concurrent Refinement Workers: 8
 Periodic GC: Disabled
Heap:
 garbage-first heap   total 122880K, used 86648K [0x00000000a2c00000, 0x0000000100000000)
  region size 1024K, 5 young (5120K), 5 survivors (5120K)
 Metaspace       used 37010K, committed 37888K, reserved 1114112K
  class space    used 5022K, committed 5440K, reserved 1048576K
GC Heap History (20 events):
Event: 8.071 GC heap after
{Heap after GC invocations=6 (full 0):
 garbage-first heap   total 115712K, used 47381K [0x00000000a2c00000, 0x0000000100000000)
  region size 1024K, 6 young (6144K), 6 survivors (6144K)
 Metaspace       used 6040K, committed 6336K, reserved 1114112K
  class space    used 729K, committed 832K, reserved 1048576K
}
Event: 9.621 GC heap before
{Heap before GC invocations=6 (full 0):
 garbage-first heap   total 115712K, used 82197K [0x00000000a2c00000, 0x0000000100000000)
  region size 1024K, 41 young (41984K), 6 survivors (6144K)
 Metaspace       used 9637K, committed 9984K, reserved 1114112K
  class space    used 1257K, committed 1408K, reserved 1048576K
}
Event: 9.630 GC heap after
{Heap after GC invocations=7 (full 0):
 garbage-first heap   total 115712K, used 50034K [0x00000000a2c00000, 0x0000000100000000)
  region size 1024K, 3 young (3072K), 3 survivors (3072K)
 Metaspace       used 9637K, committed 9984K, reserved 1114112K
  class space    used 1257K, committed 1408K, reserved 1048576K
}
Event: 10.585 GC heap before
{Heap before GC invocations=8 (full 0):
 garbage-first heap   total 115712K, used 88946K [0x00000000a2c00000, 0x0000000100000000)
  region size 1024K, 41 young (41984K), 3 survivors (3072K)
 Metaspace       used 13939K, committed 14336K, reserved 1114112K
  class space    used 1750K, committed 1920K, reserved 1048576K
}
Event: 10.590 GC heap after
{Heap after GC invocations=9 (full 0):
 garbage-first heap   total 115712K, used 51069K [0x00000000a2c00000, 0x0000000100000000)
  region size 1024K, 4 young (4096K), 4 survivors (4096K)
 Metaspace       used 13939K, committed 14336K, reserved 1114112K
  class space    used 1750K, committed 1920K, reserved 1048576K
}
Event: 11.459 GC heap before
{Heap before GC invocations=9 (full 0):
 garbage-first heap   total 115712K, used 93053K [0x00000000a2c00000, 0x0000000100000000)
  region size 1024K, 45 young (46080K), 4 survivors (4096K)
 Metaspace       used 18104K, committed 18688K, reserved 1114112K
  class space    used 2472K, committed 2752K, reserved 1048576K
}
Event: 11.467 GC heap after
{Heap after GC invocations=10 (full 0):
 garbage-first heap   total 115712K, used 55064K [0x00000000a2c00000, 0x0000000100000000)
  region size 1024K, 6 young (6144K), 6 survivors (6144K)
 Metaspace       used 18104K, committed 18688K, reserved 1114112K
  class space    used 2472K, committed 2752K, reserved 1048576K
}
Event: 11.653 GC heap before
{Heap before GC invocations=10 (full 0):
 garbage-first heap   total 115712K, used 81688K [0x00000000a2c00000, 0x0000000100000000)
  region size 1024K, 34 young (34816K), 6 survivors (6144K)
 Metaspace       used 20727K, committed 21504K, reserved 1114112K
  class space    used 2864K, committed 3264K, reserved 1048576K
}
Event: 11.661 GC heap after
{Heap after GC invocations=11 (full 0):
 garbage-first heap   total 115712K, used 58228K [0x00000000a2c00000, 0x0000000100000000)
  region size 1024K, 4 young (4096K), 4 survivors (4096K)
 Metaspace       used 20727K, committed 21504K, reserved 1114112K
  class space    used 2864K, committed 3264K, reserved 1048576K
}
Event: 11.942 GC heap before
{Heap before GC invocations=12 (full 0):
 garbage-first heap   total 115712K, used 97140K [0x00000000a2c00000, 0x0000000100000000)
  region size 1024K, 43 young (44032K), 4 survivors (4096K)
 Metaspace       used 24533K, committed 25664K, reserved 1114112K
  class space    used 3427K, committed 3968K, reserved 1048576K
}
Event: 11.948 GC heap after
{Heap after GC invocations=13 (full 0):
 garbage-first heap   total 115712K, used 62292K [0x00000000a2c00000, 0x0000000100000000)
  region size 1024K, 6 young (6144K), 6 survivors (6144K)
 Metaspace       used 24533K, committed 25664K, reserved 1114112K
  class space    used 3427K, committed 3968K, reserved 1048576K
}
Event: 12.213 GC heap before
{Heap before GC invocations=13 (full 0):
 garbage-first heap   total 115712K, used 99156K [0x00000000a2c00000, 0x0000000100000000)
  region size 1024K, 43 young (44032K), 6 survivors (6144K)
 Metaspace       used 27119K, committed 28224K, reserved 1114112K
  class space    used 3827K, committed 4352K, reserved 1048576K
}
Event: 12.226 GC heap after
{Heap after GC invocations=14 (full 0):
 garbage-first heap   total 117760K, used 70751K [0x00000000a2c00000, 0x0000000100000000)
  region size 1024K, 6 young (6144K), 6 survivors (6144K)
 Metaspace       used 27119K, committed 28224K, reserved 1114112K
  class space    used 3827K, committed 4352K, reserved 1048576K
}
Event: 14.116 GC heap before
{Heap before GC invocations=14 (full 0):
 garbage-first heap   total 117760K, used 99423K [0x00000000a2c00000, 0x0000000100000000)
  region size 1024K, 35 young (35840K), 6 survivors (6144K)
 Metaspace       used 30834K, committed 31936K, reserved 1114112K
  class space    used 4305K, committed 4800K, reserved 1048576K
}
Event: 14.121 GC heap after
{Heap after GC invocations=15 (full 0):
 garbage-first heap   total 117760K, used 73070K [0x00000000a2c00000, 0x0000000100000000)
  region size 1024K, 2 young (2048K), 2 survivors (2048K)
 Metaspace       used 30834K, committed 31936K, reserved 1114112K
  class space    used 4305K, committed 4800K, reserved 1048576K
}
Event: 16.506 GC heap before
{Heap before GC invocations=16 (full 0):
 garbage-first heap   total 122880K, used 102766K [0x00000000a2c00000, 0x0000000100000000)
  region size 1024K, 32 young (32768K), 2 survivors (2048K)
 Metaspace       used 36564K, committed 37440K, reserved 1114112K
  class space    used 4964K, committed 5376K, reserved 1048576K
}
Event: 16.511 GC heap after
{Heap after GC invocations=17 (full 0):
 garbage-first heap   total 122880K, used 74662K [0x00000000a2c00000, 0x0000000100000000)
  region size 1024K, 4 young (4096K), 4 survivors (4096K)
 Metaspace       used 36564K, committed 37440K, reserved 1114112K
  class space    used 4964K, committed 5376K, reserved 1048576K
}
Event: 16.993 GC heap before
{Heap before GC invocations=17 (full 0):
 garbage-first heap   total 122880K, used 107430K [0x00000000a2c00000, 0x0000000100000000)
  region size 1024K, 37 young (37888K), 4 survivors (4096K)
 Metaspace       used 36810K, committed 37760K, reserved 1114112K
  class space    used 5000K, committed 5440K, reserved 1048576K
}
Event: 17.000 GC heap after
{Heap after GC invocations=18 (full 0):
 garbage-first heap   total 122880K, used 78513K [0x00000000a2c00000, 0x0000000100000000)
  region size 1024K, 5 young (5120K), 5 survivors (5120K)
 Metaspace       used 36810K, committed 37760K, reserved 1114112K
  class space    used 5000K, committed 5440K, reserved 1048576K
}
Event: 20.213 GC heap before
{Heap before GC invocations=18 (full 0):
 garbage-first heap   total 122880K, used 107185K [0x00000000a2c00000, 0x0000000100000000)
  region size 1024K, 35 young (35840K), 5 survivors (5120K)
 Metaspace       used 37010K, committed 37888K, reserved 1114112K
  class space    used 5022K, committed 5440K, reserved 1048576K
}

